Using pre-set license
Built from '2020.3/staging' branch; Version is '2020.3.11f1 (99c7afb366b3) revision 10078127'; Using compiler version '192528614'; Build Type 'Release'
OS: 'Windows 10 Home; OS build 19043.1466; Version 2009; 64bit' Language: 'en' Physical Memory: 8029 MB
BatchMode: 1, IsHumanControllingUs: 0, StartBugReporterOnCrash: 0, Is64bit: 1, IsPro: 0

 COMMAND LINE ARGUMENTS:
C:\Program Files\Unity\Hub\Editor\2020.3.11f1\Editor\Unity.exe
-adb2
-batchMode
-noUpm
-name
AssetImportWorker0
-projectPath
C:/Users/contr/Documents/G/Dev/Unity/Cat/Cat/MeowTakeMeHome
-logFile
Logs/AssetImportWorker0.log
-srvPort
52606
Successfully changed project path to: C:/Users/contr/Documents/G/Dev/Unity/Cat/Cat/MeowTakeMeHome
C:/Users/contr/Documents/G/Dev/Unity/Cat/Cat/MeowTakeMeHome
Using Asset Import Pipeline V2.
Refreshing native plugins compatible for Editor in 36.38 ms, found 2 plugins.
Preloading 0 native plugins for Editor in 0.00 ms.
Initialize engine version: 2020.3.11f1 (99c7afb366b3)
[Subsystems] Discovering subsystems at path C:/Program Files/Unity/Hub/Editor/2020.3.11f1/Editor/Data/Resources/UnitySubsystems
[Subsystems] Discovering subsystems at path C:/Users/contr/Documents/G/Dev/Unity/Cat/Cat/MeowTakeMeHome/Assets
GfxDevice: creating device client; threaded=0
Direct3D:
    Version:  Direct3D 11.0 [level 11.1]
    Renderer: NVIDIA GeForce GTX 1650 (ID=0x1f91)
    Vendor:   
    VRAM:     3962 MB
    Driver:   30.0.14.7141
Initialize mono
Mono path[0] = 'C:/Program Files/Unity/Hub/Editor/2020.3.11f1/Editor/Data/Managed'
Mono path[1] = 'C:/Program Files/Unity/Hub/Editor/2020.3.11f1/Editor/Data/MonoBleedingEdge/lib/mono/unityjit'
Mono config path = 'C:/Program Files/Unity/Hub/Editor/2020.3.11f1/Editor/Data/MonoBleedingEdge/etc'
Using monoOptions --debugger-agent=transport=dt_socket,embedding=1,server=y,suspend=n,address=127.0.0.1:56464
Begin MonoManager ReloadAssembly
Registering precompiled unity dll's ...
Register platform support module: C:/Program Files/Unity/Hub/Editor/2020.3.11f1/Editor/Data/PlaybackEngines/WebGLSupport/UnityEditor.WebGL.Extensions.dll
Register platform support module: C:/Program Files/Unity/Hub/Editor/2020.3.11f1/Editor/Data/PlaybackEngines/WindowsStandaloneSupport/UnityEditor.WindowsStandalone.Extensions.dll
Registered in 0.003057 seconds.
Native extension for WindowsStandalone target not found
Native extension for WebGL target not found
Refreshing native plugins compatible for Editor in 70.62 ms, found 2 plugins.
Preloading 0 native plugins for Editor in 0.00 ms.
Mono: successfully reloaded assembly
- Completed reload, in  3.500 seconds
Platform modules already initialized, skipping
Registering precompiled user dll's ...
Registered in 0.009617 seconds.
Begin MonoManager ReloadAssembly
Native extension for WindowsStandalone target not found
Native extension for WebGL target not found
Refreshing native plugins compatible for Editor in 0.37 ms, found 2 plugins.
Preloading 0 native plugins for Editor in 0.00 ms.
Mono: successfully reloaded assembly
- Completed reload, in  1.479 seconds
Platform modules already initialized, skipping
========================================================================
Worker process is ready to serve import requests
Launched and connected shader compiler UnityShaderCompiler.exe after 0.06 seconds
Refreshing native plugins compatible for Editor in 0.48 ms, found 2 plugins.
Preloading 0 native plugins for Editor in 0.00 ms.
Unloading 1407 Unused Serialized files (Serialized files now loaded: 0)
System memory in use before: 67.0 MB.
System memory in use after: 67.0 MB.

Unloading 19 unused Assets to reduce memory usage. Loaded Objects now: 1841.
Total: 5.019100 ms (FindLiveObjects: 0.340300 ms CreateObjectMapping: 0.121500 ms MarkObjects: 4.389900 ms  DeleteObjects: 0.164100 ms)

========================================================================
Received Import Request.
  path: Assets/prefabs/Cat.prefab
  artifactKey: Guid(0f66aeab46571de48809924acd380239) Importer(815301076,1909f56bfc062723c751e8b465ee728b)
Start importing Assets/prefabs/Cat.prefab using Guid(0f66aeab46571de48809924acd380239) Importer(815301076,1909f56bfc062723c751e8b465ee728b)  -> (artifact id: 'a54d712c91575b7f03b7e193283b9c17') in 0.855121 seconds
  Import took 0.872262 seconds .

========================================================================
Received Import Request.
  Time since last request: 0.000567 seconds.
  path: Assets/Scripts/Cat.cs
  artifactKey: Guid(a47ce8407d67fc14bb726efbc36107b5) Importer(815301076,1909f56bfc062723c751e8b465ee728b)
Start importing Assets/Scripts/Cat.cs using Guid(a47ce8407d67fc14bb726efbc36107b5) Importer(815301076,1909f56bfc062723c751e8b465ee728b)  -> (artifact id: '02f290922d7f547b9e1b411167afaa47') in 0.013904 seconds
  Import took 0.058011 seconds .

========================================================================
Received Import Request.
  Time since last request: 274.537772 seconds.
  path: Assets/Scripts/Cat.cs
  artifactKey: Guid(a47ce8407d67fc14bb726efbc36107b5) Importer(815301076,1909f56bfc062723c751e8b465ee728b)
Start importing Assets/Scripts/Cat.cs using Guid(a47ce8407d67fc14bb726efbc36107b5) Importer(815301076,1909f56bfc062723c751e8b465ee728b)  -> (artifact id: '3e5b28290b2af2907bbc5ffde5e86189') in 0.010598 seconds
  Import took 0.014762 seconds .

========================================================================
Received Import Request.
  Time since last request: 16.608384 seconds.
  path: Assets/Scripts/Cat.cs
  artifactKey: Guid(a47ce8407d67fc14bb726efbc36107b5) Importer(815301076,1909f56bfc062723c751e8b465ee728b)
Start importing Assets/Scripts/Cat.cs using Guid(a47ce8407d67fc14bb726efbc36107b5) Importer(815301076,1909f56bfc062723c751e8b465ee728b)  -> (artifact id: 'a137b8789dd3604889d882c8831db33b') in 0.005681 seconds
  Import took 0.009855 seconds .

========================================================================
Received Prepare
Registering precompiled user dll's ...
Registered in 0.010481 seconds.
Begin MonoManager ReloadAssembly
Native extension for WindowsStandalone target not found
Native extension for WebGL target not found
Refreshing native plugins compatible for Editor in 0.58 ms, found 2 plugins.
Preloading 0 native plugins for Editor in 0.00 ms.
Mono: successfully reloaded assembly
- Completed reload, in  1.439 seconds
Platform modules already initialized, skipping
Refreshing native plugins compatible for Editor in 0.40 ms, found 2 plugins.
Preloading 0 native plugins for Editor in 0.00 ms.
Unloading 1389 Unused Serialized files (Serialized files now loaded: 0)
System memory in use before: 68.8 MB.
System memory in use after: 68.9 MB.

Unloading 14 unused Assets to reduce memory usage. Loaded Objects now: 1851.
Total: 2.622300 ms (FindLiveObjects: 0.390700 ms CreateObjectMapping: 0.112100 ms MarkObjects: 2.045200 ms  DeleteObjects: 0.072700 ms)

========================================================================
Received Import Request.
  Time since last request: 11.409441 seconds.
  path: Assets/Scripts/Cat.cs
  artifactKey: Guid(a47ce8407d67fc14bb726efbc36107b5) Importer(815301076,1909f56bfc062723c751e8b465ee728b)
Start importing Assets/Scripts/Cat.cs using Guid(a47ce8407d67fc14bb726efbc36107b5) Importer(815301076,1909f56bfc062723c751e8b465ee728b)  -> (artifact id: 'e4599bff88aab1cd1904f66216fbe953') in 0.010436 seconds
  Import took 0.014773 seconds .

========================================================================
Received Import Request.
  Time since last request: 2.390536 seconds.
  path: Assets/Scripts/Cat.cs
  artifactKey: Guid(a47ce8407d67fc14bb726efbc36107b5) Importer(815301076,1909f56bfc062723c751e8b465ee728b)
Start importing Assets/Scripts/Cat.cs using Guid(a47ce8407d67fc14bb726efbc36107b5) Importer(815301076,1909f56bfc062723c751e8b465ee728b)  -> (artifact id: 'e4599bff88aab1cd1904f66216fbe953') in 0.004512 seconds
  Import took 0.007586 seconds .

========================================================================
Received Prepare
Registering precompiled user dll's ...
Registered in 0.003555 seconds.
Begin MonoManager ReloadAssembly
Native extension for WindowsStandalone target not found
Native extension for WebGL target not found
Refreshing native plugins compatible for Editor in 0.31 ms, found 2 plugins.
Preloading 0 native plugins for Editor in 0.00 ms.
Mono: successfully reloaded assembly
- Completed reload, in  1.198 seconds
Platform modules already initialized, skipping
Refreshing native plugins compatible for Editor in 0.34 ms, found 2 plugins.
Preloading 0 native plugins for Editor in 0.00 ms.
Unloading 1389 Unused Serialized files (Serialized files now loaded: 0)
System memory in use before: 68.8 MB.
System memory in use after: 68.9 MB.

Unloading 14 unused Assets to reduce memory usage. Loaded Objects now: 1854.
Total: 2.768900 ms (FindLiveObjects: 0.175900 ms CreateObjectMapping: 0.038800 ms MarkObjects: 2.445700 ms  DeleteObjects: 0.107600 ms)

========================================================================
Received Prepare
Registering precompiled user dll's ...
Registered in 0.003668 seconds.
Begin MonoManager ReloadAssembly
Native extension for WindowsStandalone target not found
Native extension for WebGL target not found
Refreshing native plugins compatible for Editor in 0.28 ms, found 2 plugins.
Preloading 0 native plugins for Editor in 0.00 ms.
Mono: successfully reloaded assembly
- Completed reload, in  1.234 seconds
Platform modules already initialized, skipping
Refreshing native plugins compatible for Editor in 0.35 ms, found 2 plugins.
Preloading 0 native plugins for Editor in 0.00 ms.
Unloading 1389 Unused Serialized files (Serialized files now loaded: 0)
System memory in use before: 68.8 MB.
System memory in use after: 68.9 MB.

Unloading 14 unused Assets to reduce memory usage. Loaded Objects now: 1857.
Total: 2.219900 ms (FindLiveObjects: 0.137900 ms CreateObjectMapping: 0.051400 ms MarkObjects: 1.935100 ms  DeleteObjects: 0.094700 ms)

========================================================================
Received Prepare
Registering precompiled user dll's ...
Registered in 0.003006 seconds.
Begin MonoManager ReloadAssembly
Native extension for WindowsStandalone target not found
Native extension for WebGL target not found
Refreshing native plugins compatible for Editor in 0.28 ms, found 2 plugins.
Preloading 0 native plugins for Editor in 0.00 ms.
Mono: successfully reloaded assembly
- Completed reload, in  0.973 seconds
Platform modules already initialized, skipping
Refreshing native plugins compatible for Editor in 0.31 ms, found 2 plugins.
Preloading 0 native plugins for Editor in 0.00 ms.
Unloading 1389 Unused Serialized files (Serialized files now loaded: 0)
System memory in use before: 68.8 MB.
System memory in use after: 68.9 MB.

Unloading 14 unused Assets to reduce memory usage. Loaded Objects now: 1860.
Total: 2.168000 ms (FindLiveObjects: 0.140700 ms CreateObjectMapping: 0.035700 ms MarkObjects: 1.898000 ms  DeleteObjects: 0.092900 ms)

========================================================================
Received Prepare
Registering precompiled user dll's ...
Registered in 0.004098 seconds.
Begin MonoManager ReloadAssembly
Native extension for WindowsStandalone target not found
Native extension for WebGL target not found
Refreshing native plugins compatible for Editor in 0.28 ms, found 2 plugins.
Preloading 0 native plugins for Editor in 0.00 ms.
Mono: successfully reloaded assembly
- Completed reload, in  0.921 seconds
Platform modules already initialized, skipping
Refreshing native plugins compatible for Editor in 0.31 ms, found 2 plugins.
Preloading 0 native plugins for Editor in 0.00 ms.
Unloading 1389 Unused Serialized files (Serialized files now loaded: 0)
System memory in use before: 68.8 MB.
System memory in use after: 68.9 MB.

Unloading 14 unused Assets to reduce memory usage. Loaded Objects now: 1863.
Total: 1.854700 ms (FindLiveObjects: 0.141900 ms CreateObjectMapping: 0.036100 ms MarkObjects: 1.630200 ms  DeleteObjects: 0.045600 ms)

========================================================================
Received Import Request.
  Time since last request: 328.823387 seconds.
  path: Assets/prefabs/Cat.prefab
  artifactKey: Guid(0f66aeab46571de48809924acd380239) Importer(815301076,1909f56bfc062723c751e8b465ee728b)
Start importing Assets/prefabs/Cat.prefab using Guid(0f66aeab46571de48809924acd380239) Importer(815301076,1909f56bfc062723c751e8b465ee728b)  -> (artifact id: '4900bb80ae0a8816834b9d5942f2a2f5') in 0.080157 seconds
  Import took 0.083340 seconds .

========================================================================
Received Import Request.
  Time since last request: 3.951882 seconds.
  path: Assets/prefabs/tree.prefab
  artifactKey: Guid(f2e0ffb22afc3f94f8f09aafce44f6e2) Importer(815301076,1909f56bfc062723c751e8b465ee728b)
Start importing Assets/prefabs/tree.prefab using Guid(f2e0ffb22afc3f94f8f09aafce44f6e2) Importer(815301076,1909f56bfc062723c751e8b465ee728b)  -> (artifact id: 'cc0e04acf0052921177a7e86a8e623fa') in 0.051522 seconds
  Import took 0.055014 seconds .

========================================================================
Received Import Request.
  Time since last request: 2924.974661 seconds.
  path: Assets/wood.jpg
  artifactKey: Guid(d3f2c42e23dc97742bc0923b3fc8298d) Importer(815301076,1909f56bfc062723c751e8b465ee728b)
Start importing Assets/wood.jpg using Guid(d3f2c42e23dc97742bc0923b3fc8298d) Importer(815301076,1909f56bfc062723c751e8b465ee728b)  -> (artifact id: '959ff94c6cb09458ccdf9b2837f1590a') in 0.179468 seconds
  Import took 0.253798 seconds .

========================================================================
Received Import Request.
  Time since last request: 13.877924 seconds.
  path: Assets/wood.jpg
  artifactKey: Guid(d3f2c42e23dc97742bc0923b3fc8298d) Importer(815301076,1909f56bfc062723c751e8b465ee728b)
Start importing Assets/wood.jpg using Guid(d3f2c42e23dc97742bc0923b3fc8298d) Importer(815301076,1909f56bfc062723c751e8b465ee728b)  -> (artifact id: '970641fc58375425ac330ae3ec962d81') in 0.092814 seconds
  Import took 0.095458 seconds .

========================================================================
Received Import Request.
  Time since last request: 172.474785 seconds.
  path: Assets/prefabs/LeftWall.prefab
  artifactKey: Guid(ad66e54a40767e14fa3654ce590ad117) Importer(815301076,1909f56bfc062723c751e8b465ee728b)
Start importing Assets/prefabs/LeftWall.prefab using Guid(ad66e54a40767e14fa3654ce590ad117) Importer(815301076,1909f56bfc062723c751e8b465ee728b)  -> (artifact id: '5a80eb9506a9f6c6587dcc1fcc67caf8') in 0.030625 seconds
  Import took 0.033578 seconds .

========================================================================
Received Import Request.
  Time since last request: 0.000318 seconds.
  path: Assets/prefabs/RightWall.prefab
  artifactKey: Guid(0870b4b2054a938498e74de5bbc8b727) Importer(815301076,1909f56bfc062723c751e8b465ee728b)
Start importing Assets/prefabs/RightWall.prefab using Guid(0870b4b2054a938498e74de5bbc8b727) Importer(815301076,1909f56bfc062723c751e8b465ee728b)  -> (artifact id: '4bd6a8abac80fc8ac0c290cab5fabf80') in 0.040936 seconds
  Import took 0.043254 seconds .

========================================================================
Received Import Request.
  Time since last request: 2.822628 seconds.
  path: Assets/prefabs/Ceiling.prefab
  artifactKey: Guid(728298c9da5c7924dae571cb8d11c40c) Importer(815301076,1909f56bfc062723c751e8b465ee728b)
Start importing Assets/prefabs/Ceiling.prefab using Guid(728298c9da5c7924dae571cb8d11c40c) Importer(815301076,1909f56bfc062723c751e8b465ee728b)  -> (artifact id: '0c9792813677ac3fe417b963d61e2761') in 0.018257 seconds
  Import took 0.021542 seconds .

========================================================================
Received Import Request.
  Time since last request: 5.285704 seconds.
  path: Assets/Scenes/Scene 1.unity
  artifactKey: Guid(478a7007f15319444bce3e8226edf173) Importer(815301076,1909f56bfc062723c751e8b465ee728b)
Start importing Assets/Scenes/Scene 1.unity using Guid(478a7007f15319444bce3e8226edf173) Importer(815301076,1909f56bfc062723c751e8b465ee728b)  -> (artifact id: '670d48b3949d72867b1ca7cf97f07bb9') in 0.009697 seconds
  Import took 0.012644 seconds .

========================================================================
Received Prepare
Registering precompiled user dll's ...
Registered in 0.005978 seconds.
Begin MonoManager ReloadAssembly
Native extension for WindowsStandalone target not found
Native extension for WebGL target not found
Refreshing native plugins compatible for Editor in 0.30 ms, found 2 plugins.
Preloading 0 native plugins for Editor in 0.00 ms.
Mono: successfully reloaded assembly
- Completed reload, in  1.104 seconds
Platform modules already initialized, skipping
Refreshing native plugins compatible for Editor in 0.30 ms, found 2 plugins.
Preloading 0 native plugins for Editor in 0.00 ms.
Unloading 1389 Unused Serialized files (Serialized files now loaded: 0)
System memory in use before: 68.9 MB.
System memory in use after: 69.0 MB.

Unloading 14 unused Assets to reduce memory usage. Loaded Objects now: 1869.
Total: 2.129500 ms (FindLiveObjects: 0.129600 ms CreateObjectMapping: 0.039600 ms MarkObjects: 1.863000 ms  DeleteObjects: 0.096300 ms)

========================================================================
Received Import Request.
  Time since last request: 243.836094 seconds.
  path: Assets/ArtAssets
  artifactKey: Guid(b877a0f61ef004441973abfaa150131d) Importer(815301076,1909f56bfc062723c751e8b465ee728b)
Start importing Assets/ArtAssets using Guid(b877a0f61ef004441973abfaa150131d) Importer(815301076,1909f56bfc062723c751e8b465ee728b)  -> (artifact id: '8b9c285e8d1bc1524c491ec07a6453a7') in 0.008922 seconds
  Import took 0.013220 seconds .

========================================================================
Received Import Request.
  Time since last request: 6.345480 seconds.
  path: Assets/SideCheck.cs
  artifactKey: Guid(bc06ecdab1103d64aa35d458c7628fc4) Importer(815301076,1909f56bfc062723c751e8b465ee728b)
Start importing Assets/SideCheck.cs using Guid(bc06ecdab1103d64aa35d458c7628fc4) Importer(815301076,1909f56bfc062723c751e8b465ee728b)  -> (artifact id: 'ec2a9f4016b3c07ecc62ff5cd8676a2d') in 0.005975 seconds
  Import took 0.008534 seconds .

========================================================================
Received Import Request.
  Time since last request: 0.002751 seconds.
  path: Assets/SideCheck.cs
  artifactKey: Guid(bc06ecdab1103d64aa35d458c7628fc4) Importer(815301076,1909f56bfc062723c751e8b465ee728b)
Start importing Assets/SideCheck.cs using Guid(bc06ecdab1103d64aa35d458c7628fc4) Importer(815301076,1909f56bfc062723c751e8b465ee728b)  -> (artifact id: 'ec2a9f4016b3c07ecc62ff5cd8676a2d') in 0.002770 seconds
  Import took 0.005820 seconds .

========================================================================
Received Import Request.
  Time since last request: 1.519240 seconds.
  path: Assets/CatActions.cs
  artifactKey: Guid(92e981d0cc88c0c47a2cff6f539df3ce) Importer(815301076,1909f56bfc062723c751e8b465ee728b)
Start importing Assets/CatActions.cs using Guid(92e981d0cc88c0c47a2cff6f539df3ce) Importer(815301076,1909f56bfc062723c751e8b465ee728b)  -> (artifact id: '5208487122582e3681d6f38c33862ab7') in 0.006308 seconds
  Import took 0.011161 seconds .

========================================================================
Received Import Request.
  Time since last request: 2.403335 seconds.
  path: Assets/Assets
  artifactKey: Guid(0b2eeda85cc943041880c75ee1e7efbc) Importer(815301076,1909f56bfc062723c751e8b465ee728b)
Start importing Assets/Assets using Guid(0b2eeda85cc943041880c75ee1e7efbc) Importer(815301076,1909f56bfc062723c751e8b465ee728b)  -> (artifact id: '10474b4ea252dc01845d319844bacd29') in 0.006744 seconds
  Import took 0.009924 seconds .

========================================================================
Received Prepare
Registering precompiled user dll's ...
Registered in 0.003322 seconds.
Begin MonoManager ReloadAssembly
Native extension for WindowsStandalone target not found
Native extension for WebGL target not found
Refreshing native plugins compatible for Editor in 0.33 ms, found 2 plugins.
Preloading 0 native plugins for Editor in 0.00 ms.
Mono: successfully reloaded assembly
- Completed reload, in  0.953 seconds
Platform modules already initialized, skipping
Refreshing native plugins compatible for Editor in 0.30 ms, found 2 plugins.
Preloading 0 native plugins for Editor in 0.00 ms.
Unloading 1389 Unused Serialized files (Serialized files now loaded: 0)
System memory in use before: 68.9 MB.
System memory in use after: 69.0 MB.

Unloading 14 unused Assets to reduce memory usage. Loaded Objects now: 1872.
Total: 1.905600 ms (FindLiveObjects: 0.148500 ms CreateObjectMapping: 0.037900 ms MarkObjects: 1.671100 ms  DeleteObjects: 0.047200 ms)

========================================================================
Received Import Request.
  Time since last request: 8.909127 seconds.
  path: Assets/ArtAssets/door.png
  artifactKey: Guid(76a135a84954a8c4ab8fcd1474328290) Importer(815301076,1909f56bfc062723c751e8b465ee728b)
Start importing Assets/ArtAssets/door.png using Guid(76a135a84954a8c4ab8fcd1474328290) Importer(815301076,1909f56bfc062723c751e8b465ee728b)  -> (artifact id: '998d9c556893f5d8529d99313efb363b') in 0.053304 seconds
  Import took 0.057230 seconds .

========================================================================
Received Import Request.
  Time since last request: 11.845708 seconds.
  path: Assets/ArtAssets/door.png
  artifactKey: Guid(76a135a84954a8c4ab8fcd1474328290) Importer(815301076,1909f56bfc062723c751e8b465ee728b)
Start importing Assets/ArtAssets/door.png using Guid(76a135a84954a8c4ab8fcd1474328290) Importer(815301076,1909f56bfc062723c751e8b465ee728b)  -> (artifact id: '83460c2f9c443061e5541778d5051d31') in 0.084355 seconds
  Import took 0.088372 seconds .

========================================================================
Received Import Request.
  Time since last request: 91.543654 seconds.
  path: Assets/ArtAssets/prefabs/LevelTemplate.prefab
  artifactKey: Guid(f75e8e99259a62049a8af9666d9334e9) Importer(815301076,1909f56bfc062723c751e8b465ee728b)
Start importing Assets/ArtAssets/prefabs/LevelTemplate.prefab using Guid(f75e8e99259a62049a8af9666d9334e9) Importer(815301076,1909f56bfc062723c751e8b465ee728b)  -> (artifact id: '22e642a988f15fe7cd8e5ddf2e2dd966') in 0.157254 seconds
  Import took 0.160520 seconds .

========================================================================
Received Import Request.
  Time since last request: 79.745472 seconds.
  path: Assets/ArtAssets/bg.png
  artifactKey: Guid(8907f42033aebc44c9865b8773744702) Importer(815301076,1909f56bfc062723c751e8b465ee728b)
Start importing Assets/ArtAssets/bg.png using Guid(8907f42033aebc44c9865b8773744702) Importer(815301076,1909f56bfc062723c751e8b465ee728b)  -> (artifact id: 'c31aece6dc627df83f8bdbc0a3facbe0') in 0.020769 seconds
  Import took 0.024895 seconds .

========================================================================
Received Import Request.
  Time since last request: 8.776456 seconds.
  path: Assets/ArtAssets/bg.png
  artifactKey: Guid(8907f42033aebc44c9865b8773744702) Importer(815301076,1909f56bfc062723c751e8b465ee728b)
Start importing Assets/ArtAssets/bg.png using Guid(8907f42033aebc44c9865b8773744702) Importer(815301076,1909f56bfc062723c751e8b465ee728b)  -> (artifact id: 'f35c9c8ac593b626c868f7b92eb72974') in 0.023002 seconds
  Import took 0.026998 seconds .

========================================================================
Received Prepare
Registering precompiled user dll's ...
Registered in 0.003185 seconds.
Begin MonoManager ReloadAssembly
Native extension for WindowsStandalone target not found
Native extension for WebGL target not found
Refreshing native plugins compatible for Editor in 0.35 ms, found 2 plugins.
Preloading 0 native plugins for Editor in 0.00 ms.
Mono: successfully reloaded assembly
- Completed reload, in  0.944 seconds
Platform modules already initialized, skipping
Refreshing native plugins compatible for Editor in 0.36 ms, found 2 plugins.
Preloading 0 native plugins for Editor in 0.00 ms.
Unloading 1389 Unused Serialized files (Serialized files now loaded: 0)
System memory in use before: 69.0 MB.
System memory in use after: 69.1 MB.

Unloading 15 unused Assets to reduce memory usage. Loaded Objects now: 1881.
Total: 1.908500 ms (FindLiveObjects: 0.145600 ms CreateObjectMapping: 0.034800 ms MarkObjects: 1.639000 ms  DeleteObjects: 0.087800 ms)

========================================================================
Received Import Request.
  Time since last request: 79.278489 seconds.
  path: Assets/Scenes/Scene 1.unity
  artifactKey: Guid(478a7007f15319444bce3e8226edf173) Importer(815301076,1909f56bfc062723c751e8b465ee728b)
Start importing Assets/Scenes/Scene 1.unity using Guid(478a7007f15319444bce3e8226edf173) Importer(815301076,1909f56bfc062723c751e8b465ee728b)  -> (artifact id: 'd9705f18af902b2613a3dd84629de9e8') in 0.015748 seconds
  Import took 0.018386 seconds .

========================================================================
Received Import Request.
  Time since last request: 0.000493 seconds.
  path: Assets/Scenes/Scene 1.unity
  artifactKey: Guid(478a7007f15319444bce3e8226edf173) Importer(815301076,1909f56bfc062723c751e8b465ee728b)
Start importing Assets/Scenes/Scene 1.unity using Guid(478a7007f15319444bce3e8226edf173) Importer(815301076,1909f56bfc062723c751e8b465ee728b)  -> (artifact id: 'd9705f18af902b2613a3dd84629de9e8') in 0.003557 seconds
  Import took 0.006280 seconds .

========================================================================
Received Import Request.
  Time since last request: 1.524134 seconds.
  path: Assets/Scenes/Scene 2.unity
  artifactKey: Guid(92aa38cafa8ce2548a0cc878d0173155) Importer(815301076,1909f56bfc062723c751e8b465ee728b)
Start importing Assets/Scenes/Scene 2.unity using Guid(92aa38cafa8ce2548a0cc878d0173155) Importer(815301076,1909f56bfc062723c751e8b465ee728b)  -> (artifact id: 'acef574ee896d05875f547c1fbaf6654') in 0.007081 seconds
  Import took 0.010440 seconds .

========================================================================
Received Prepare
Registering precompiled user dll's ...
Registered in 0.003083 seconds.
Begin MonoManager ReloadAssembly
Native extension for WindowsStandalone target not found
Native extension for WebGL target not found
Refreshing native plugins compatible for Editor in 0.29 ms, found 2 plugins.
Preloading 0 native plugins for Editor in 0.00 ms.
Mono: successfully reloaded assembly
- Completed reload, in  0.909 seconds
Platform modules already initialized, skipping
Refreshing native plugins compatible for Editor in 0.31 ms, found 2 plugins.
Preloading 0 native plugins for Editor in 0.00 ms.
Unloading 1389 Unused Serialized files (Serialized files now loaded: 0)
System memory in use before: 69.0 MB.
System memory in use after: 69.1 MB.

Unloading 14 unused Assets to reduce memory usage. Loaded Objects now: 1884.
Total: 1.877500 ms (FindLiveObjects: 0.137400 ms CreateObjectMapping: 0.034600 ms MarkObjects: 1.661000 ms  DeleteObjects: 0.043400 ms)

========================================================================
Received Import Request.
  Time since last request: 128.116761 seconds.
  path: Assets/Scenes/Scene 2.unity
  artifactKey: Guid(92aa38cafa8ce2548a0cc878d0173155) Importer(815301076,1909f56bfc062723c751e8b465ee728b)
Start importing Assets/Scenes/Scene 2.unity using Guid(92aa38cafa8ce2548a0cc878d0173155) Importer(815301076,1909f56bfc062723c751e8b465ee728b)  -> (artifact id: 'd89c7b4645adc71f00df0574ea96e9bf') in 0.015319 seconds
  Import took 0.018339 seconds .

========================================================================
Received Import Request.
  Time since last request: 56.486941 seconds.
  path: Assets/ArtAssets/prefabs/LevelTemplate.prefab
  artifactKey: Guid(f75e8e99259a62049a8af9666d9334e9) Importer(815301076,1909f56bfc062723c751e8b465ee728b)
Start importing Assets/ArtAssets/prefabs/LevelTemplate.prefab using Guid(f75e8e99259a62049a8af9666d9334e9) Importer(815301076,1909f56bfc062723c751e8b465ee728b)  -> (artifact id: 'f7bea657b1348951fb1e2ec4d814c799') in 0.126666 seconds
  Import took 0.129684 seconds .

========================================================================
Received Prepare
Registering precompiled user dll's ...
Registered in 0.004241 seconds.
Begin MonoManager ReloadAssembly
Native extension for WindowsStandalone target not found
Native extension for WebGL target not found
Refreshing native plugins compatible for Editor in 0.37 ms, found 2 plugins.
Preloading 0 native plugins for Editor in 0.00 ms.
Mono: successfully reloaded assembly
- Completed reload, in  0.939 seconds
Platform modules already initialized, skipping
Refreshing native plugins compatible for Editor in 0.42 ms, found 2 plugins.
Preloading 0 native plugins for Editor in 0.00 ms.
Unloading 1389 Unused Serialized files (Serialized files now loaded: 0)
System memory in use before: 69.0 MB.
System memory in use after: 69.1 MB.

Unloading 15 unused Assets to reduce memory usage. Loaded Objects now: 1888.
Total: 2.080900 ms (FindLiveObjects: 0.148500 ms CreateObjectMapping: 0.040200 ms MarkObjects: 1.837100 ms  DeleteObjects: 0.054000 ms)

========================================================================
Received Import Request.
  Time since last request: 112.980736 seconds.
  path: Assets/Scenes/Scene 1.unity
  artifactKey: Guid(478a7007f15319444bce3e8226edf173) Importer(815301076,1909f56bfc062723c751e8b465ee728b)
Start importing Assets/Scenes/Scene 1.unity using Guid(478a7007f15319444bce3e8226edf173) Importer(815301076,1909f56bfc062723c751e8b465ee728b)  -> (artifact id: '9bec83ef2d08be8cd9641a509b080a31') in 0.013316 seconds
  Import took 0.016961 seconds .

========================================================================
Received Import Request.
  Time since last request: 0.000701 seconds.
  path: Assets/Scenes/Scene 1.unity
  artifactKey: Guid(478a7007f15319444bce3e8226edf173) Importer(815301076,1909f56bfc062723c751e8b465ee728b)
Start importing Assets/Scenes/Scene 1.unity using Guid(478a7007f15319444bce3e8226edf173) Importer(815301076,1909f56bfc062723c751e8b465ee728b)  -> (artifact id: '9bec83ef2d08be8cd9641a509b080a31') in 0.003024 seconds
  Import took 0.006011 seconds .

========================================================================
Received Prepare
Registering precompiled user dll's ...
Registered in 0.003162 seconds.
Begin MonoManager ReloadAssembly
Native extension for WindowsStandalone target not found
Native extension for WebGL target not found
Refreshing native plugins compatible for Editor in 0.40 ms, found 2 plugins.
Preloading 0 native plugins for Editor in 0.00 ms.
Mono: successfully reloaded assembly
- Completed reload, in  0.940 seconds
Platform modules already initialized, skipping
Refreshing native plugins compatible for Editor in 0.30 ms, found 2 plugins.
Preloading 0 native plugins for Editor in 0.00 ms.
Unloading 1389 Unused Serialized files (Serialized files now loaded: 0)
System memory in use before: 69.0 MB.
System memory in use after: 69.1 MB.

Unloading 14 unused Assets to reduce memory usage. Loaded Objects now: 1891.
Total: 1.829400 ms (FindLiveObjects: 0.141800 ms CreateObjectMapping: 0.035700 ms MarkObjects: 1.603900 ms  DeleteObjects: 0.047000 ms)

========================================================================
Received Import Request.
  Time since last request: 26.301755 seconds.
  path: Assets/Scenes/Scene 2.unity
  artifactKey: Guid(92aa38cafa8ce2548a0cc878d0173155) Importer(815301076,1909f56bfc062723c751e8b465ee728b)
Start importing Assets/Scenes/Scene 2.unity using Guid(92aa38cafa8ce2548a0cc878d0173155) Importer(815301076,1909f56bfc062723c751e8b465ee728b)  -> (artifact id: 'c598a9117cbf9dd0737fd8bb6eaf1541') in 0.010105 seconds
  Import took 0.013083 seconds .

========================================================================
Received Import Request.
  Time since last request: 24.090183 seconds.
  path: Assets/Scenes/Scene 3.unity
  artifactKey: Guid(41946ef0067789c46bbee14ebf667f60) Importer(815301076,1909f56bfc062723c751e8b465ee728b)
Start importing Assets/Scenes/Scene 3.unity using Guid(41946ef0067789c46bbee14ebf667f60) Importer(815301076,1909f56bfc062723c751e8b465ee728b)  -> (artifact id: 'd33279a97f0e777190fec34bdff6d116') in 0.006668 seconds
  Import took 0.009840 seconds .

========================================================================
Received Prepare
Registering precompiled user dll's ...
Registered in 0.005049 seconds.
Begin MonoManager ReloadAssembly
Native extension for WindowsStandalone target not found
Native extension for WebGL target not found
Refreshing native plugins compatible for Editor in 0.29 ms, found 2 plugins.
Preloading 0 native plugins for Editor in 0.00 ms.
Mono: successfully reloaded assembly
- Completed reload, in  0.999 seconds
Platform modules already initialized, skipping
Refreshing native plugins compatible for Editor in 0.33 ms, found 2 plugins.
Preloading 0 native plugins for Editor in 0.00 ms.
Unloading 1389 Unused Serialized files (Serialized files now loaded: 0)
System memory in use before: 69.1 MB.
System memory in use after: 69.1 MB.

Unloading 14 unused Assets to reduce memory usage. Loaded Objects now: 1894.
Total: 1.866000 ms (FindLiveObjects: 0.181600 ms CreateObjectMapping: 0.037700 ms MarkObjects: 1.598300 ms  DeleteObjects: 0.047400 ms)

========================================================================
Received Prepare
Registering precompiled user dll's ...
Registered in 0.003751 seconds.
Begin MonoManager ReloadAssembly
Native extension for WindowsStandalone target not found
Native extension for WebGL target not found
Refreshing native plugins compatible for Editor in 0.31 ms, found 2 plugins.
Preloading 0 native plugins for Editor in 0.00 ms.
Mono: successfully reloaded assembly
- Completed reload, in  0.981 seconds
Platform modules already initialized, skipping
Refreshing native plugins compatible for Editor in 0.34 ms, found 2 plugins.
Preloading 0 native plugins for Editor in 0.00 ms.
Unloading 1389 Unused Serialized files (Serialized files now loaded: 0)
System memory in use before: 69.1 MB.
System memory in use after: 69.1 MB.

Unloading 14 unused Assets to reduce memory usage. Loaded Objects now: 1897.
Total: 2.311900 ms (FindLiveObjects: 0.169000 ms CreateObjectMapping: 0.056600 ms MarkObjects: 2.018900 ms  DeleteObjects: 0.066200 ms)

========================================================================
Received Import Request.
  Time since last request: 140.756539 seconds.
  path: Assets/Scenes/Scene 1.unity
  artifactKey: Guid(478a7007f15319444bce3e8226edf173) Importer(815301076,1909f56bfc062723c751e8b465ee728b)
Start importing Assets/Scenes/Scene 1.unity using Guid(478a7007f15319444bce3e8226edf173) Importer(815301076,1909f56bfc062723c751e8b465ee728b)  -> (artifact id: '0b742b09ee64adc44b470a8fae3475cd') in 0.011639 seconds
  Import took 0.015626 seconds .

========================================================================
Received Prepare
Registering precompiled user dll's ...
Registered in 0.003790 seconds.
Begin MonoManager ReloadAssembly
Native extension for WindowsStandalone target not found
Native extension for WebGL target not found
Refreshing native plugins compatible for Editor in 0.30 ms, found 2 plugins.
Preloading 0 native plugins for Editor in 0.00 ms.
Mono: successfully reloaded assembly
- Completed reload, in  0.868 seconds
Platform modules already initialized, skipping
Refreshing native plugins compatible for Editor in 0.29 ms, found 2 plugins.
Preloading 0 native plugins for Editor in 0.00 ms.
Unloading 1389 Unused Serialized files (Serialized files now loaded: 0)
System memory in use before: 69.1 MB.
System memory in use after: 69.2 MB.

Unloading 14 unused Assets to reduce memory usage. Loaded Objects now: 1900.
Total: 2.114000 ms (FindLiveObjects: 0.164600 ms CreateObjectMapping: 0.047700 ms MarkObjects: 1.853800 ms  DeleteObjects: 0.047000 ms)

========================================================================
Received Import Request.
  Time since last request: 27.375721 seconds.
  path: Assets/Scenes/Scene 2.unity
  artifactKey: Guid(92aa38cafa8ce2548a0cc878d0173155) Importer(815301076,1909f56bfc062723c751e8b465ee728b)
Start importing Assets/Scenes/Scene 2.unity using Guid(92aa38cafa8ce2548a0cc878d0173155) Importer(815301076,1909f56bfc062723c751e8b465ee728b)  -> (artifact id: '23815ebb78ba9714a222a412c5dcc39e') in 0.012316 seconds
  Import took 0.014523 seconds .

========================================================================
Received Prepare
Registering precompiled user dll's ...
Registered in 0.003191 seconds.
Begin MonoManager ReloadAssembly
Native extension for WindowsStandalone target not found
Native extension for WebGL target not found
Refreshing native plugins compatible for Editor in 0.34 ms, found 2 plugins.
Preloading 0 native plugins for Editor in 0.00 ms.
Mono: successfully reloaded assembly
- Completed reload, in  0.888 seconds
Platform modules already initialized, skipping
Refreshing native plugins compatible for Editor in 0.29 ms, found 2 plugins.
Preloading 0 native plugins for Editor in 0.00 ms.
Unloading 1389 Unused Serialized files (Serialized files now loaded: 0)
System memory in use before: 69.1 MB.
System memory in use after: 69.2 MB.

Unloading 14 unused Assets to reduce memory usage. Loaded Objects now: 1903.
Total: 1.873400 ms (FindLiveObjects: 0.148100 ms CreateObjectMapping: 0.036300 ms MarkObjects: 1.636200 ms  DeleteObjects: 0.051700 ms)

========================================================================
Received Import Request.
  Time since last request: 54.327991 seconds.
  path: Assets/Scenes/Scene 3.unity
  artifactKey: Guid(41946ef0067789c46bbee14ebf667f60) Importer(815301076,1909f56bfc062723c751e8b465ee728b)
Start importing Assets/Scenes/Scene 3.unity using Guid(41946ef0067789c46bbee14ebf667f60) Importer(815301076,1909f56bfc062723c751e8b465ee728b)  -> (artifact id: '553372322c9afc6873ec878fe64f372c') in 0.011311 seconds
  Import took 0.014898 seconds .

========================================================================
Received Import Request.
  Time since last request: 0.000313 seconds.
  path: Assets/Scenes/Scene 3.unity
  artifactKey: Guid(41946ef0067789c46bbee14ebf667f60) Importer(815301076,1909f56bfc062723c751e8b465ee728b)
Start importing Assets/Scenes/Scene 3.unity using Guid(41946ef0067789c46bbee14ebf667f60) Importer(815301076,1909f56bfc062723c751e8b465ee728b)  -> (artifact id: '553372322c9afc6873ec878fe64f372c') in 0.004002 seconds
  Import took 0.006231 seconds .

========================================================================
Received Import Request.
  Time since last request: 1.574836 seconds.
  path: Assets/Scenes/Scene 4.unity
  artifactKey: Guid(fdeb0af0e8be4884da8c0211042f7419) Importer(815301076,1909f56bfc062723c751e8b465ee728b)
Start importing Assets/Scenes/Scene 4.unity using Guid(fdeb0af0e8be4884da8c0211042f7419) Importer(815301076,1909f56bfc062723c751e8b465ee728b)  -> (artifact id: '3088617499c1004266346f7f235aed84') in 0.006267 seconds
  Import took 0.008639 seconds .

========================================================================
Received Prepare
Registering precompiled user dll's ...
Registered in 0.004694 seconds.
Begin MonoManager ReloadAssembly
Native extension for WindowsStandalone target not found
Native extension for WebGL target not found
Refreshing native plugins compatible for Editor in 0.37 ms, found 2 plugins.
Preloading 0 native plugins for Editor in 0.00 ms.
Mono: successfully reloaded assembly
- Completed reload, in  0.897 seconds
Platform modules already initialized, skipping
Refreshing native plugins compatible for Editor in 0.33 ms, found 2 plugins.
Preloading 0 native plugins for Editor in 0.00 ms.
Unloading 1389 Unused Serialized files (Serialized files now loaded: 0)
System memory in use before: 69.1 MB.
System memory in use after: 69.2 MB.

Unloading 14 unused Assets to reduce memory usage. Loaded Objects now: 1906.
Total: 1.884100 ms (FindLiveObjects: 0.147000 ms CreateObjectMapping: 0.039400 ms MarkObjects: 1.651300 ms  DeleteObjects: 0.045600 ms)

========================================================================
Received Prepare
Registering precompiled user dll's ...
Registered in 0.003931 seconds.
Begin MonoManager ReloadAssembly
Native extension for WindowsStandalone target not found
Native extension for WebGL target not found
Refreshing native plugins compatible for Editor in 0.29 ms, found 2 plugins.
Preloading 0 native plugins for Editor in 0.00 ms.
Mono: successfully reloaded assembly
- Completed reload, in  0.880 seconds
Platform modules already initialized, skipping
Refreshing native plugins compatible for Editor in 0.29 ms, found 2 plugins.
Preloading 0 native plugins for Editor in 0.00 ms.
Unloading 1389 Unused Serialized files (Serialized files now loaded: 0)
System memory in use before: 69.1 MB.
System memory in use after: 69.2 MB.

Unloading 14 unused Assets to reduce memory usage. Loaded Objects now: 1909.
Total: 1.840000 ms (FindLiveObjects: 0.145400 ms CreateObjectMapping: 0.036800 ms MarkObjects: 1.611300 ms  DeleteObjects: 0.045600 ms)

========================================================================
Received Import Request.
  Time since last request: 142.406759 seconds.
  path: Assets/Scenes/Scene 5.unity
  artifactKey: Guid(cd9ac6665312c62478fd1fc462477412) Importer(815301076,1909f56bfc062723c751e8b465ee728b)
Start importing Assets/Scenes/Scene 5.unity using Guid(cd9ac6665312c62478fd1fc462477412) Importer(815301076,1909f56bfc062723c751e8b465ee728b)  -> (artifact id: '8c1dfc784dd6cf2400f15df28b85529c') in 0.015760 seconds
  Import took 0.018294 seconds .

========================================================================
Received Prepare
Registering precompiled user dll's ...
Registered in 0.004799 seconds.
Begin MonoManager ReloadAssembly
Native extension for WindowsStandalone target not found
Native extension for WebGL target not found
Refreshing native plugins compatible for Editor in 0.29 ms, found 2 plugins.
Preloading 0 native plugins for Editor in 0.00 ms.
Mono: successfully reloaded assembly
- Completed reload, in  0.907 seconds
Platform modules already initialized, skipping
Refreshing native plugins compatible for Editor in 0.32 ms, found 2 plugins.
Preloading 0 native plugins for Editor in 0.00 ms.
Unloading 1389 Unused Serialized files (Serialized files now loaded: 0)
System memory in use before: 69.1 MB.
System memory in use after: 69.2 MB.

Unloading 14 unused Assets to reduce memory usage. Loaded Objects now: 1912.
Total: 2.123600 ms (FindLiveObjects: 0.150600 ms CreateObjectMapping: 0.043300 ms MarkObjects: 1.880700 ms  DeleteObjects: 0.048100 ms)

========================================================================
Received Prepare
Registering precompiled user dll's ...
Registered in 0.003482 seconds.
Begin MonoManager ReloadAssembly
Native extension for WindowsStandalone target not found
Native extension for WebGL target not found
Refreshing native plugins compatible for Editor in 0.28 ms, found 2 plugins.
Preloading 0 native plugins for Editor in 0.00 ms.
Mono: successfully reloaded assembly
- Completed reload, in  0.990 seconds
Platform modules already initialized, skipping
Refreshing native plugins compatible for Editor in 0.28 ms, found 2 plugins.
Preloading 0 native plugins for Editor in 0.00 ms.
Unloading 1389 Unused Serialized files (Serialized files now loaded: 0)
System memory in use before: 69.1 MB.
System memory in use after: 69.2 MB.

Unloading 14 unused Assets to reduce memory usage. Loaded Objects now: 1915.
Total: 1.938500 ms (FindLiveObjects: 0.141100 ms CreateObjectMapping: 0.035800 ms MarkObjects: 1.707600 ms  DeleteObjects: 0.053300 ms)

========================================================================
Received Prepare
Registering precompiled user dll's ...
Registered in 0.006418 seconds.
Begin MonoManager ReloadAssembly
Native extension for WindowsStandalone target not found
Native extension for WebGL target not found
Refreshing native plugins compatible for Editor in 0.29 ms, found 2 plugins.
Preloading 0 native plugins for Editor in 0.00 ms.
Mono: successfully reloaded assembly
- Completed reload, in  0.904 seconds
Platform modules already initialized, skipping
Refreshing native plugins compatible for Editor in 0.29 ms, found 2 plugins.
Preloading 0 native plugins for Editor in 0.00 ms.
Unloading 1389 Unused Serialized files (Serialized files now loaded: 0)
System memory in use before: 69.1 MB.
System memory in use after: 69.2 MB.

Unloading 14 unused Assets to reduce memory usage. Loaded Objects now: 1918.
Total: 1.724100 ms (FindLiveObjects: 0.127100 ms CreateObjectMapping: 0.037500 ms MarkObjects: 1.511300 ms  DeleteObjects: 0.047200 ms)

========================================================================
Received Prepare
Registering precompiled user dll's ...
Registered in 0.006621 seconds.
Begin MonoManager ReloadAssembly
Native extension for WindowsStandalone target not found
Native extension for WebGL target not found
Refreshing native plugins compatible for Editor in 0.28 ms, found 2 plugins.
Preloading 0 native plugins for Editor in 0.00 ms.
Mono: successfully reloaded assembly
- Completed reload, in  0.958 seconds
Platform modules already initialized, skipping
Refreshing native plugins compatible for Editor in 0.29 ms, found 2 plugins.
Preloading 0 native plugins for Editor in 0.00 ms.
Unloading 1389 Unused Serialized files (Serialized files now loaded: 0)
System memory in use before: 69.1 MB.
System memory in use after: 69.2 MB.

Unloading 14 unused Assets to reduce memory usage. Loaded Objects now: 1921.
Total: 1.815200 ms (FindLiveObjects: 0.147800 ms CreateObjectMapping: 0.035900 ms MarkObjects: 1.582900 ms  DeleteObjects: 0.047500 ms)

========================================================================
Received Prepare
Registering precompiled user dll's ...
Registered in 0.003141 seconds.
Begin MonoManager ReloadAssembly
Native extension for WindowsStandalone target not found
Native extension for WebGL target not found
Refreshing native plugins compatible for Editor in 0.28 ms, found 2 plugins.
Preloading 0 native plugins for Editor in 0.00 ms.
Mono: successfully reloaded assembly
- Completed reload, in  0.972 seconds
Platform modules already initialized, skipping
Refreshing native plugins compatible for Editor in 0.39 ms, found 2 plugins.
Preloading 0 native plugins for Editor in 0.00 ms.
Unloading 1389 Unused Serialized files (Serialized files now loaded: 0)
System memory in use before: 69.2 MB.
System memory in use after: 69.2 MB.

Unloading 14 unused Assets to reduce memory usage. Loaded Objects now: 1924.
Total: 1.949500 ms (FindLiveObjects: 0.198200 ms CreateObjectMapping: 0.043400 ms MarkObjects: 1.656600 ms  DeleteObjects: 0.049900 ms)

========================================================================
Received Prepare
Registering precompiled user dll's ...
Registered in 0.003120 seconds.
Begin MonoManager ReloadAssembly
Native extension for WindowsStandalone target not found
Native extension for WebGL target not found
Refreshing native plugins compatible for Editor in 0.28 ms, found 2 plugins.
Preloading 0 native plugins for Editor in 0.00 ms.
Mono: successfully reloaded assembly
- Completed reload, in  0.888 seconds
Platform modules already initialized, skipping
Refreshing native plugins compatible for Editor in 0.37 ms, found 2 plugins.
Preloading 0 native plugins for Editor in 0.00 ms.
Unloading 1389 Unused Serialized files (Serialized files now loaded: 0)
System memory in use before: 69.2 MB.
System memory in use after: 69.2 MB.

Unloading 14 unused Assets to reduce memory usage. Loaded Objects now: 1927.
Total: 1.908000 ms (FindLiveObjects: 0.167200 ms CreateObjectMapping: 0.035300 ms MarkObjects: 1.655000 ms  DeleteObjects: 0.049600 ms)

========================================================================
Received Prepare
Registering precompiled user dll's ...
Registered in 0.003134 seconds.
Begin MonoManager ReloadAssembly
Native extension for WindowsStandalone target not found
Native extension for WebGL target not found
Refreshing native plugins compatible for Editor in 0.28 ms, found 2 plugins.
Preloading 0 native plugins for Editor in 0.00 ms.
Mono: successfully reloaded assembly
- Completed reload, in  0.859 seconds
Platform modules already initialized, skipping
Refreshing native plugins compatible for Editor in 0.29 ms, found 2 plugins.
Preloading 0 native plugins for Editor in 0.00 ms.
Unloading 1389 Unused Serialized files (Serialized files now loaded: 0)
System memory in use before: 69.2 MB.
System memory in use after: 69.2 MB.

Unloading 14 unused Assets to reduce memory usage. Loaded Objects now: 1930.
Total: 1.890200 ms (FindLiveObjects: 0.149500 ms CreateObjectMapping: 0.036200 ms MarkObjects: 1.656200 ms  DeleteObjects: 0.047400 ms)

========================================================================
Received Import Request.
  Time since last request: 707.113745 seconds.
  path: Assets/Scenes/Scene 5.unity
  artifactKey: Guid(cd9ac6665312c62478fd1fc462477412) Importer(815301076,1909f56bfc062723c751e8b465ee728b)
Start importing Assets/Scenes/Scene 5.unity using Guid(cd9ac6665312c62478fd1fc462477412) Importer(815301076,1909f56bfc062723c751e8b465ee728b)  -> (artifact id: 'fda250577492fac872cd63b8f0e0f9a0') in 0.032395 seconds
  Import took 0.035102 seconds .

========================================================================
Received Prepare
Registering precompiled user dll's ...
Registered in 0.003587 seconds.
Begin MonoManager ReloadAssembly
Native extension for WindowsStandalone target not found
Native extension for WebGL target not found
Refreshing native plugins compatible for Editor in 0.31 ms, found 2 plugins.
Preloading 0 native plugins for Editor in 0.00 ms.
Mono: successfully reloaded assembly
- Completed reload, in  0.880 seconds
Platform modules already initialized, skipping
Refreshing native plugins compatible for Editor in 0.29 ms, found 2 plugins.
Preloading 0 native plugins for Editor in 0.00 ms.
Unloading 1389 Unused Serialized files (Serialized files now loaded: 0)
System memory in use before: 69.2 MB.
System memory in use after: 69.3 MB.

Unloading 14 unused Assets to reduce memory usage. Loaded Objects now: 1933.
Total: 2.040400 ms (FindLiveObjects: 0.207000 ms CreateObjectMapping: 0.053600 ms MarkObjects: 1.722300 ms  DeleteObjects: 0.056700 ms)

========================================================================
Received Prepare
Registering precompiled user dll's ...
Registered in 0.003084 seconds.
Begin MonoManager ReloadAssembly
Native extension for WindowsStandalone target not found
Native extension for WebGL target not found
Refreshing native plugins compatible for Editor in 0.30 ms, found 2 plugins.
Preloading 0 native plugins for Editor in 0.00 ms.
Mono: successfully reloaded assembly
- Completed reload, in  0.873 seconds
Platform modules already initialized, skipping
Refreshing native plugins compatible for Editor in 0.36 ms, found 2 plugins.
Preloading 0 native plugins for Editor in 0.00 ms.
Unloading 1389 Unused Serialized files (Serialized files now loaded: 0)
System memory in use before: 69.2 MB.
System memory in use after: 69.3 MB.

Unloading 14 unused Assets to reduce memory usage. Loaded Objects now: 1936.
Total: 1.873300 ms (FindLiveObjects: 0.150800 ms CreateObjectMapping: 0.040600 ms MarkObjects: 1.634600 ms  DeleteObjects: 0.046400 ms)

========================================================================
Received Prepare
Registering precompiled user dll's ...
Registered in 0.003713 seconds.
Begin MonoManager ReloadAssembly
Native extension for WindowsStandalone target not found
Native extension for WebGL target not found
Refreshing native plugins compatible for Editor in 0.28 ms, found 2 plugins.
Preloading 0 native plugins for Editor in 0.00 ms.
Mono: successfully reloaded assembly
- Completed reload, in  0.862 seconds
Platform modules already initialized, skipping
Refreshing native plugins compatible for Editor in 0.28 ms, found 2 plugins.
Preloading 0 native plugins for Editor in 0.00 ms.
Unloading 1389 Unused Serialized files (Serialized files now loaded: 0)
System memory in use before: 69.2 MB.
System memory in use after: 69.3 MB.

Unloading 14 unused Assets to reduce memory usage. Loaded Objects now: 1939.
Total: 1.890000 ms (FindLiveObjects: 0.149800 ms CreateObjectMapping: 0.038100 ms MarkObjects: 1.654900 ms  DeleteObjects: 0.046300 ms)

========================================================================
Received Import Request.
  Time since last request: 159.090497 seconds.
  path: Assets/TextMesh Pro/Sprites/EmojiOne.png
  artifactKey: Guid(dffef66376be4fa480fb02b19edbe903) Importer(815301076,1909f56bfc062723c751e8b465ee728b)
Start importing Assets/TextMesh Pro/Sprites/EmojiOne.png using Guid(dffef66376be4fa480fb02b19edbe903) Importer(815301076,1909f56bfc062723c751e8b465ee728b)  -> (artifact id: 'd78a27303d38c5bc73b55289faa0930d') in 0.052681 seconds
  Import took 0.055517 seconds .

========================================================================
Received Import Request.
  Time since last request: 0.000261 seconds.
  path: Assets/ArtAssets/Materials/FloorMaterial.physicsMaterial2D
  artifactKey: Guid(8e5f712e08b605f43b9940e019875378) Importer(815301076,1909f56bfc062723c751e8b465ee728b)
Start importing Assets/ArtAssets/Materials/FloorMaterial.physicsMaterial2D using Guid(8e5f712e08b605f43b9940e019875378) Importer(815301076,1909f56bfc062723c751e8b465ee728b)  -> (artifact id: '549c72df7930b0ec0a11e13ba6bde6d7') in 0.019932 seconds
  Import took 0.022688 seconds .

========================================================================
Received Import Request.
  Time since last request: 0.000271 seconds.
  path: Assets/ArtAssets/Materials/SoftMaterial.physicsMaterial2D
  artifactKey: Guid(50e01c8be107613459bb9f8b4552b9e3) Importer(815301076,1909f56bfc062723c751e8b465ee728b)
Start importing Assets/ArtAssets/Materials/SoftMaterial.physicsMaterial2D using Guid(50e01c8be107613459bb9f8b4552b9e3) Importer(815301076,1909f56bfc062723c751e8b465ee728b)  -> (artifact id: 'b9f52c433eecf5e302f2511273d13eba') in 0.006819 seconds
  Import took 0.009468 seconds .

========================================================================
Received Import Request.
  Time since last request: 0.000284 seconds.
  path: Assets/ArtAssets/prefabs/LevelTemplate.prefab
  artifactKey: Guid(f75e8e99259a62049a8af9666d9334e9) Importer(815301076,1909f56bfc062723c751e8b465ee728b)
Start importing Assets/ArtAssets/prefabs/LevelTemplate.prefab using Guid(f75e8e99259a62049a8af9666d9334e9) Importer(815301076,1909f56bfc062723c751e8b465ee728b)  -> (artifact id: '9c69a8ce8fe69a966a9e90b445ac7c14') in 0.148552 seconds
  Import took 0.151059 seconds .

========================================================================
Received Import Request.
  Time since last request: 0.000287 seconds.
  path: Assets/ArtAssets/prefabs/Menu.prefab
  artifactKey: Guid(03eedb39b9e9b944abe359a17db6da88) Importer(815301076,1909f56bfc062723c751e8b465ee728b)
Start importing Assets/ArtAssets/prefabs/Menu.prefab using Guid(03eedb39b9e9b944abe359a17db6da88) Importer(815301076,1909f56bfc062723c751e8b465ee728b)  -> (artifact id: '95a8ea67bcf7cc4116b1bb976bb86232') in 0.030894 seconds
  Import took 0.033955 seconds .

========================================================================
Received Import Request.
  Time since last request: 0.000424 seconds.
  path: Assets/TextMesh Pro/Resources/Fonts & Materials/LiberationSans SDF - Fallback.asset
  artifactKey: Guid(2e498d1c8094910479dc3e1b768306a4) Importer(815301076,1909f56bfc062723c751e8b465ee728b)
Start importing Assets/TextMesh Pro/Resources/Fonts & Materials/LiberationSans SDF - Fallback.asset using Guid(2e498d1c8094910479dc3e1b768306a4) Importer(815301076,1909f56bfc062723c751e8b465ee728b)  -> (artifact id: 'b8c2210586957436df79bf961aeff06e') in 0.063894 seconds
  Import took 0.067079 seconds .

========================================================================
Received Import Request.
  Time since last request: 0.000252 seconds.
  path: Assets/TextMesh Pro/Resources/TMP Settings.asset
  artifactKey: Guid(3f5b5dff67a942289a9defa416b206f3) Importer(815301076,1909f56bfc062723c751e8b465ee728b)
Start importing Assets/TextMesh Pro/Resources/TMP Settings.asset using Guid(3f5b5dff67a942289a9defa416b206f3) Importer(815301076,1909f56bfc062723c751e8b465ee728b)  -> (artifact id: '80217e6c75f9d2e4957cbc8093faaf48') in 0.035144 seconds
  Import took 0.038214 seconds .

========================================================================
Received Import Request.
  Time since last request: 0.000235 seconds.
  path: Assets/TextMesh Pro/Fonts/LiberationSans.ttf
  artifactKey: Guid(e3265ab4bf004d28a9537516768c1c75) Importer(815301076,1909f56bfc062723c751e8b465ee728b)
Start importing Assets/TextMesh Pro/Fonts/LiberationSans.ttf using Guid(e3265ab4bf004d28a9537516768c1c75) Importer(815301076,1909f56bfc062723c751e8b465ee728b)  -> (artifact id: 'bdddd331c3f1b7826858a8d92db67e39') in 0.030489 seconds
  Import took 0.035595 seconds .

========================================================================
Received Import Request.
  Time since last request: 0.000361 seconds.
  path: Assets/TextMesh Pro/Resources/Fonts & Materials/LiberationSans SDF.asset
  artifactKey: Guid(8f586378b4e144a9851e7b34d9b748ee) Importer(815301076,1909f56bfc062723c751e8b465ee728b)
Start importing Assets/TextMesh Pro/Resources/Fonts & Materials/LiberationSans SDF.asset using Guid(8f586378b4e144a9851e7b34d9b748ee) Importer(815301076,1909f56bfc062723c751e8b465ee728b)  -> (artifact id: 'f1280cc7be10b532b2897fc8654f95d3') in 0.049906 seconds
  Import took 0.054875 seconds .

========================================================================
Received Import Request.
  Time since last request: 0.000274 seconds.
  path: Assets/TextMesh Pro/Resources/Sprite Assets/EmojiOne.asset
  artifactKey: Guid(c41005c129ba4d66911b75229fd70b45) Importer(815301076,1909f56bfc062723c751e8b465ee728b)
Start importing Assets/TextMesh Pro/Resources/Sprite Assets/EmojiOne.asset using Guid(c41005c129ba4d66911b75229fd70b45) Importer(815301076,1909f56bfc062723c751e8b465ee728b)  -> (artifact id: '093a2cdfc4701742cd4e2e9653a3929b') in 0.004105 seconds
  Import took 0.008784 seconds .

========================================================================
Received Import Request.
  Time since last request: 16.292779 seconds.
  path: Assets/TextMesh Pro/Resources/Style Sheets/Default Style Sheet.asset
  artifactKey: Guid(f952c082cb03451daed3ee968ac6c63e) Importer(815301076,1909f56bfc062723c751e8b465ee728b)
Start importing Assets/TextMesh Pro/Resources/Style Sheets/Default Style Sheet.asset using Guid(f952c082cb03451daed3ee968ac6c63e) Importer(815301076,1909f56bfc062723c751e8b465ee728b)  -> (artifact id: '99846f5a5cef2b9fb3476a6a84d35918') in 0.007376 seconds
  Import took 0.010778 seconds .

========================================================================
Received Import Request.
  Time since last request: 0.000202 seconds.
  path: Assets/TextMesh Pro/Resources/Fonts & Materials/LiberationSans SDF - Outline.mat
  artifactKey: Guid(79459efec17a4d00a321bdcc27bbc385) Importer(815301076,1909f56bfc062723c751e8b465ee728b)
Start importing Assets/TextMesh Pro/Resources/Fonts & Materials/LiberationSans SDF - Outline.mat using Guid(79459efec17a4d00a321bdcc27bbc385) Importer(815301076,1909f56bfc062723c751e8b465ee728b)  -> (artifact id: '289988fcecf3b00d1602f8d2b589f7dd') in 0.169447 seconds
  Import took 0.171657 seconds .

========================================================================
Received Import Request.
  Time since last request: 0.000251 seconds.
  path: Assets/TextMesh Pro/Resources/Style Sheets/Default Style Sheet.asset
  artifactKey: Guid(f952c082cb03451daed3ee968ac6c63e) Importer(815301076,1909f56bfc062723c751e8b465ee728b)
Start importing Assets/TextMesh Pro/Resources/Style Sheets/Default Style Sheet.asset using Guid(f952c082cb03451daed3ee968ac6c63e) Importer(815301076,1909f56bfc062723c751e8b465ee728b)  -> (artifact id: '99846f5a5cef2b9fb3476a6a84d35918') in 0.002520 seconds
  Import took 0.004612 seconds .

========================================================================
Received Import Request.
  Time since last request: 0.000290 seconds.
  path: Assets/TextMesh Pro/Resources/Fonts & Materials/LiberationSans SDF - Drop Shadow.mat
  artifactKey: Guid(e73a58f6e2794ae7b1b7e50b7fb811b0) Importer(815301076,1909f56bfc062723c751e8b465ee728b)
Start importing Assets/TextMesh Pro/Resources/Fonts & Materials/LiberationSans SDF - Drop Shadow.mat using Guid(e73a58f6e2794ae7b1b7e50b7fb811b0) Importer(815301076,1909f56bfc062723c751e8b465ee728b)  -> (artifact id: 'ca0d2861f60500f05bd29199894f7bb5') in 0.083264 seconds
  Import took 0.085828 seconds .

========================================================================
Received Prepare
Registering precompiled user dll's ...
Registered in 0.003895 seconds.
Begin MonoManager ReloadAssembly
Native extension for WindowsStandalone target not found
Native extension for WebGL target not found
Refreshing native plugins compatible for Editor in 0.29 ms, found 2 plugins.
Preloading 0 native plugins for Editor in 0.00 ms.
Mono: successfully reloaded assembly
- Completed reload, in  0.930 seconds
Platform modules already initialized, skipping
Refreshing native plugins compatible for Editor in 0.28 ms, found 2 plugins.
Preloading 0 native plugins for Editor in 0.00 ms.
Unloading 1389 Unused Serialized files (Serialized files now loaded: 0)
System memory in use before: 69.6 MB.
System memory in use after: 69.7 MB.

Unloading 15 unused Assets to reduce memory usage. Loaded Objects now: 1980.
Total: 1.952500 ms (FindLiveObjects: 0.152700 ms CreateObjectMapping: 0.039200 ms MarkObjects: 1.711400 ms  DeleteObjects: 0.048400 ms)

========================================================================
Received Prepare
Registering precompiled user dll's ...
Registered in 0.003968 seconds.
Begin MonoManager ReloadAssembly
Native extension for WindowsStandalone target not found
Native extension for WebGL target not found
Refreshing native plugins compatible for Editor in 0.31 ms, found 2 plugins.
Preloading 0 native plugins for Editor in 0.00 ms.
Mono: successfully reloaded assembly
- Completed reload, in  0.958 seconds
Platform modules already initialized, skipping
Refreshing native plugins compatible for Editor in 0.29 ms, found 2 plugins.
Preloading 0 native plugins for Editor in 0.00 ms.
Unloading 1389 Unused Serialized files (Serialized files now loaded: 0)
System memory in use before: 69.6 MB.
System memory in use after: 69.7 MB.

Unloading 14 unused Assets to reduce memory usage. Loaded Objects now: 1983.
Total: 2.182900 ms (FindLiveObjects: 0.271100 ms CreateObjectMapping: 0.061600 ms MarkObjects: 1.796200 ms  DeleteObjects: 0.053100 ms)

========================================================================
Received Prepare
Registering precompiled user dll's ...
Registered in 0.003216 seconds.
Begin MonoManager ReloadAssembly
Native extension for WindowsStandalone target not found
Native extension for WebGL target not found
Refreshing native plugins compatible for Editor in 0.30 ms, found 2 plugins.
Preloading 0 native plugins for Editor in 0.00 ms.
Mono: successfully reloaded assembly
- Completed reload, in  0.904 seconds
Platform modules already initialized, skipping
Refreshing native plugins compatible for Editor in 0.33 ms, found 2 plugins.
Preloading 0 native plugins for Editor in 0.00 ms.
Unloading 1389 Unused Serialized files (Serialized files now loaded: 0)
System memory in use before: 69.6 MB.
System memory in use after: 69.7 MB.

Unloading 14 unused Assets to reduce memory usage. Loaded Objects now: 1986.
Total: 1.884200 ms (FindLiveObjects: 0.156000 ms CreateObjectMapping: 0.036000 ms MarkObjects: 1.644000 ms  DeleteObjects: 0.047200 ms)

========================================================================
Received Prepare
Registering precompiled user dll's ...
Registered in 0.003575 seconds.
Begin MonoManager ReloadAssembly
Native extension for WindowsStandalone target not found
Native extension for WebGL target not found
Refreshing native plugins compatible for Editor in 0.28 ms, found 2 plugins.
Preloading 0 native plugins for Editor in 0.00 ms.
Mono: successfully reloaded assembly
- Completed reload, in  0.898 seconds
Platform modules already initialized, skipping
Refreshing native plugins compatible for Editor in 0.29 ms, found 2 plugins.
Preloading 0 native plugins for Editor in 0.00 ms.
Unloading 1389 Unused Serialized files (Serialized files now loaded: 0)
System memory in use before: 69.6 MB.
System memory in use after: 69.7 MB.

Unloading 14 unused Assets to reduce memory usage. Loaded Objects now: 1989.
Total: 1.923000 ms (FindLiveObjects: 0.154100 ms CreateObjectMapping: 0.037800 ms MarkObjects: 1.684100 ms  DeleteObjects: 0.046100 ms)

========================================================================
Received Prepare
Registering precompiled user dll's ...
Registered in 0.003255 seconds.
Begin MonoManager ReloadAssembly
Native extension for WindowsStandalone target not found
Native extension for WebGL target not found
Refreshing native plugins compatible for Editor in 0.29 ms, found 2 plugins.
Preloading 0 native plugins for Editor in 0.00 ms.
Mono: successfully reloaded assembly
- Completed reload, in  0.877 seconds
Platform modules already initialized, skipping
Refreshing native plugins compatible for Editor in 0.30 ms, found 2 plugins.
Preloading 0 native plugins for Editor in 0.00 ms.
Unloading 1389 Unused Serialized files (Serialized files now loaded: 0)
System memory in use before: 69.6 MB.
System memory in use after: 69.7 MB.

Unloading 14 unused Assets to reduce memory usage. Loaded Objects now: 1992.
Total: 1.901600 ms (FindLiveObjects: 0.151800 ms CreateObjectMapping: 0.036400 ms MarkObjects: 1.666300 ms  DeleteObjects: 0.046300 ms)

========================================================================
Received Import Request.
  Time since last request: 346.242410 seconds.
  path: Assets/Scenes/Scene 5.unity
  artifactKey: Guid(cd9ac6665312c62478fd1fc462477412) Importer(815301076,1909f56bfc062723c751e8b465ee728b)
Start importing Assets/Scenes/Scene 5.unity using Guid(cd9ac6665312c62478fd1fc462477412) Importer(815301076,1909f56bfc062723c751e8b465ee728b)  -> (artifact id: '4cf7dccfef641ccfc6f3798bfe80cfa4') in 0.016418 seconds
  Import took 0.018928 seconds .

========================================================================
Received Prepare
Registering precompiled user dll's ...
Registered in 0.003639 seconds.
Begin MonoManager ReloadAssembly
Native extension for WindowsStandalone target not found
Native extension for WebGL target not found
Refreshing native plugins compatible for Editor in 0.47 ms, found 2 plugins.
Preloading 0 native plugins for Editor in 0.00 ms.
Mono: successfully reloaded assembly
- Completed reload, in  0.909 seconds
Platform modules already initialized, skipping
Refreshing native plugins compatible for Editor in 0.32 ms, found 2 plugins.
Preloading 0 native plugins for Editor in 0.00 ms.
Unloading 1389 Unused Serialized files (Serialized files now loaded: 0)
System memory in use before: 69.6 MB.
System memory in use after: 69.7 MB.

Unloading 14 unused Assets to reduce memory usage. Loaded Objects now: 1995.
Total: 2.143100 ms (FindLiveObjects: 0.295800 ms CreateObjectMapping: 0.036800 ms MarkObjects: 1.759800 ms  DeleteObjects: 0.047900 ms)

AssetImportWorkerClient::OnTransportError - code=2 error=End of file
